/**********************************************************************************************************
*                                     RINGS V1.3 GLOBAL OUTPUT FILE                                       *
**********************************************************************************************************/
System Name:                    amorphous-Ge   

Number of MD steps:              1
Number of atoms:                125

Direct lattice parameters
Lattice Vector:                    14.1017000   0.0000000   0.0000000
Lattice Vector:                     0.0000000  14.1017000   0.0000000
Lattice Vector:                     0.0000000   0.0000000  14.1017000
Lattice Angles:          Alpha=  90.000, Beta=  90.000 and Gamma=  90.000

Reciprocal lattice parameters
Lattice Vector:                     0.4455623   0.0000000   0.0000000
Lattice Vector:                     0.0000000   0.4455623   0.0000000
Lattice Vector:                     0.0000000   0.0000000   0.4455623


Periodic Boundary Conditions applied during the calculation

Volume=  2804.2351 Angstrom^3   and real density=     5.3745 g/cm^3

Number of Species =  1

Number density of atom  1/Ge =  0.044575 At/Ang^3 with Number of atoms = 125

Computed empirical formula :          Ge  

Atomic species parameters used in the calculation:
For atom Ge: 
     Neutron scattering length =   8.185 fm
     X-rays scattering length =  32.000 e.u.
     Atomic mass       =  72.610 g/mol
     Radius (COV)      =   1.200 Angstrom 

Computation options:

  =>  g(r) radial distribution functions have been computed
with delta(r) =   0.049857 Ang for the space discretization [ 200 delta(r)]
      including g(r), G(r), d(n), gij(r), Gij(r), and dnij(r)
      including Bathia-Thornton gxx(r)
output files are located in the new 'gr' directory

  =>  S(q) structure factors have been computed from FFT[g(r)]
  =>  Both for neutrons and X-rays scattering
with delta(q) =   0.049109 Ang^-1 for the reciprocal space discretization [ 500 delta(q)]
      including S(q), Sij(q), neutron-weighted functions g(r), G(r), D(r) and T(r)
      and partial structure factors named fz/al/bt respectively for:
       the Faber-Ziman, Ahscroft-Langreth and Bathia-Thornton formalism
output files are located in the new 'sq' directory


/**********************************************************************************************************
*                                 RINGS V1.3 END OF GLOBAL OUTPUT FILE                                    *
**********************************************************************************************************/
